<?xml version="1.0" encoding="UTF-8"?>
<!-- Generated by org.testng.reporters.JUnitXMLReporter -->
<testsuite ignored="0" hostname="User" failures="1" tests="1" name="firefoxtest" time="14.667" errors="0" timestamp="2024-08-20T12:03:10 BDT">
  <testcase classname="testCases.TC001_AccountRegistrationTest" name="verify_account_registration" time="2.02">
    <failure type="java.lang.AssertionError" message="Test failed: The element with the reference 479fd5ed-1448-4f10-ac37-4ea40734b5f4 is stale; either its node document is not the active document, or it is no longer connected to the DOM
For documentation on this error, please visit: https://www.selenium.dev/documentation/webdriver/troubleshooting/errors#stale-element-reference-exception
Build info: version: &amp;apos;4.23.1&amp;apos;, revision: &amp;apos;656257d8e9&amp;apos;
System info: os.name: &amp;apos;Windows 11&amp;apos;, os.arch: &amp;apos;amd64&amp;apos;, os.version: &amp;apos;10.0&amp;apos;, java.version: &amp;apos;19.0.1&amp;apos;
Driver info: org.openqa.selenium.firefox.FirefoxDriver
Command: [0c2f1456-db5d-4ece-9851-bac349cca761, clickElement {id=479fd5ed-1448-4f10-ac37-4ea40734b5f4}]
Capabilities {acceptInsecureCerts: true, browserName: firefox, browserVersion: 129.0.1, moz:accessibilityChecks: false, moz:buildID: 20240812083845, moz:debuggerAddress: 127.0.0.1:28481, moz:geckodriverVersion: 0.35.0, moz:headless: false, moz:platformVersion: 10.0, moz:processID: 12372, moz:profile: C:\Users\mahmu\AppData\Loca..., moz:shutdownTimeout: 60000, moz:webdriverClick: true, moz:windowless: false, pageLoadStrategy: normal, platformName: windows, proxy: Proxy(), se:cdp: ws://127.0.0.1:28481/devtoo..., se:cdpVersion: 85.0, setWindowRect: true, strictFileInteractability: false, timeouts: {implicit: 0, pageLoad: 300000, script: 30000}, unhandledPromptBehavior: dismiss and notify, userAgent: Mozilla/5.0 (Windows NT 10....}
Element: [[FirefoxDriver: firefox on windows (0c2f1456-db5d-4ece-9851-bac349cca761)] -&amp;gt; xpath: //a[normalize-space()=&amp;apos;Register&amp;apos;]]
Session ID: 0c2f1456-db5d-4ece-9851-bac349cca761">
      <![CDATA[java.lang.AssertionError: Test failed: The element with the reference 479fd5ed-1448-4f10-ac37-4ea40734b5f4 is stale; either its node document is not the active document, or it is no longer connected to the DOM
For documentation on this error, please visit: https://www.selenium.dev/documentation/webdriver/troubleshooting/errors#stale-element-reference-exception
Build info: version: '4.23.1', revision: '656257d8e9'
System info: os.name: 'Windows 11', os.arch: 'amd64', os.version: '10.0', java.version: '19.0.1'
Driver info: org.openqa.selenium.firefox.FirefoxDriver
Command: [0c2f1456-db5d-4ece-9851-bac349cca761, clickElement {id=479fd5ed-1448-4f10-ac37-4ea40734b5f4}]
Capabilities {acceptInsecureCerts: true, browserName: firefox, browserVersion: 129.0.1, moz:accessibilityChecks: false, moz:buildID: 20240812083845, moz:debuggerAddress: 127.0.0.1:28481, moz:geckodriverVersion: 0.35.0, moz:headless: false, moz:platformVersion: 10.0, moz:processID: 12372, moz:profile: C:\Users\mahmu\AppData\Loca..., moz:shutdownTimeout: 60000, moz:webdriverClick: true, moz:windowless: false, pageLoadStrategy: normal, platformName: windows, proxy: Proxy(), se:cdp: ws://127.0.0.1:28481/devtoo..., se:cdpVersion: 85.0, setWindowRect: true, strictFileInteractability: false, timeouts: {implicit: 0, pageLoad: 300000, script: 30000}, unhandledPromptBehavior: dismiss and notify, userAgent: Mozilla/5.0 (Windows NT 10....}
Element: [[FirefoxDriver: firefox on windows (0c2f1456-db5d-4ece-9851-bac349cca761)] -> xpath: //a[normalize-space()='Register']]
Session ID: 0c2f1456-db5d-4ece-9851-bac349cca761
at testCases.TC001_AccountRegistrationTest.verify_account_registration(TC001_AccountRegistrationTest.java:57)
at java.base/java.util.ArrayList.forEach(ArrayList.java:1511)
at java.base/java.util.concurrent.FutureTask.run(FutureTask.java:317)
at java.base/java.util.concurrent.ThreadPoolExecutor.runWorker(ThreadPoolExecutor.java:1144)
at java.base/java.util.concurrent.ThreadPoolExecutor$Worker.run(ThreadPoolExecutor.java:642)
at java.base/java.lang.Thread.run(Thread.java:1589)
... Removed 16 stack frames]]>
    </failure>
  </testcase> <!-- verify_account_registration -->
</testsuite> <!-- firefoxtest -->
